2006.01.27 10:50 B D:\My Documents\mine\sca\websites\ekmg\ekmg\images\2005_mss4\025_xyzzy.jpg --> ftp.eastkingdom.org /images/2005_mss4 025_xyzzy.jpg
2006.01.27 10:50 B D:\My Documents\mine\sca\websites\ekmg\ekmg\images\2005_mss4\027_coinmaking_class.jpg --> ftp.eastkingdom.org /images/2005_mss4 027_coinmaking_class.jpg
2006.01.27 10:50 B D:\My Documents\mine\sca\websites\ekmg\ekmg\images\2005_mss4\026_coinmaking_class.jpg --> ftp.eastkingdom.org /images/2005_mss4 026_coinmaking_class.jpg
2006.01.27 10:50 B D:\My Documents\mine\sca\websites\ekmg\ekmg\images\2005_mss4\022_table_loom.jpg --> ftp.eastkingdom.org /images/2005_mss4 022_table_loom.jpg
2006.01.27 10:50 B D:\My Documents\mine\sca\websites\ekmg\ekmg\images\2005_mss4\024_sandcasting_class.jpg --> ftp.eastkingdom.org /images/2005_mss4 024_sandcasting_class.jpg
2006.01.27 10:50 B D:\My Documents\mine\sca\websites\ekmg\ekmg\images\2005_mss4\023_pewter_class.jpg --> ftp.eastkingdom.org /images/2005_mss4 023_pewter_class.jpg
2006.01.27 10:50 B D:\My Documents\mine\sca\websites\ekmg\ekmg\images\2005_mss4\019_glassbead_class.jpg --> ftp.eastkingdom.org /images/2005_mss4 019_glassbead_class.jpg
2006.01.27 10:51 B D:\My Documents\mine\sca\websites\ekmg\ekmg\images\2005_mss4\020_pewter_class.jpg --> ftp.eastkingdom.org /images/2005_mss4 020_pewter_class.jpg
2006.01.27 10:51 B D:\My Documents\mine\sca\websites\ekmg\ekmg\images\2005_mss4\021_xyzzy.jpg --> ftp.eastkingdom.org /images/2005_mss4 021_xyzzy.jpg
2006.01.27 10:51 B D:\My Documents\mine\sca\websites\ekmg\ekmg\images\2005_mss4\016_xyzzy.jpg --> ftp.eastkingdom.org /images/2005_mss4 016_xyzzy.jpg
2006.01.27 10:51 B D:\My Documents\mine\sca\websites\ekmg\ekmg\images\2005_mss4\017_xyzzy.jpg --> ftp.eastkingdom.org /images/2005_mss4 017_xyzzy.jpg
2006.01.27 10:51 B D:\My Documents\mine\sca\websites\ekmg\ekmg\images\2005_mss4\018_pewter_class.jpg --> ftp.eastkingdom.org /images/2005_mss4 018_pewter_class.jpg
2006.01.27 10:51 B D:\My Documents\mine\sca\websites\ekmg\ekmg\images\2005_mss4\014_xyzzy.jpg --> ftp.eastkingdom.org /images/2005_mss4 014_xyzzy.jpg
2006.01.27 10:51 B D:\My Documents\mine\sca\websites\ekmg\ekmg\images\2005_mss4\015_xyzzy.jpg --> ftp.eastkingdom.org /images/2005_mss4 015_xyzzy.jpg
2006.01.27 10:51 B D:\My Documents\mine\sca\websites\ekmg\ekmg\images\2005_mss4\013_xyzzy.jpg --> ftp.eastkingdom.org /images/2005_mss4 013_xyzzy.jpg
2006.01.27 10:51 B D:\My Documents\mine\sca\websites\ekmg\ekmg\images\2005_mss4\010_pewter_class.jpg --> ftp.eastkingdom.org /images/2005_mss4 010_pewter_class.jpg
2006.01.27 10:51 B D:\My Documents\mine\sca\websites\ekmg\ekmg\images\2005_mss4\011_pewter_class.jpg --> ftp.eastkingdom.org /images/2005_mss4 011_pewter_class.jpg
2006.01.27 10:51 B D:\My Documents\mine\sca\websites\ekmg\ekmg\images\2005_mss4\012_xyzzy.jpg --> ftp.eastkingdom.org /images/2005_mss4 012_xyzzy.jpg
2006.01.27 10:51 B D:\My Documents\mine\sca\websites\ekmg\ekmg\images\2005_mss4\007_meeting_new_people.jpg --> ftp.eastkingdom.org /images/2005_mss4 007_meeting_new_people.jpg
2006.01.27 10:51 B D:\My Documents\mine\sca\websites\ekmg\ekmg\images\2005_mss4\008_two_classes.jpg --> ftp.eastkingdom.org /images/2005_mss4 008_two_classes.jpg
2006.01.27 10:51 B D:\My Documents\mine\sca\websites\ekmg\ekmg\images\2005_mss4\009_pewter_class.jpg --> ftp.eastkingdom.org /images/2005_mss4 009_pewter_class.jpg
2006.01.27 10:51 B D:\My Documents\mine\sca\websites\ekmg\ekmg\images\2005_mss4\005_pewter_class.jpg --> ftp.eastkingdom.org /images/2005_mss4 005_pewter_class.jpg
2006.01.27 10:51 B D:\My Documents\mine\sca\websites\ekmg\ekmg\images\2005_mss4\004_reading.jpg --> ftp.eastkingdom.org /images/2005_mss4 004_reading.jpg
2006.01.27 10:51 B D:\My Documents\mine\sca\websites\ekmg\ekmg\images\2005_mss4\006_meeting_new_people.jpg --> ftp.eastkingdom.org /images/2005_mss4 006_meeting_new_people.jpg
2006.01.27 10:51 B D:\My Documents\mine\sca\websites\ekmg\ekmg\images\2005_mss4\002_etching_class.jpg --> ftp.eastkingdom.org /images/2005_mss4 002_etching_class.jpg
2006.01.27 10:51 B D:\My Documents\mine\sca\websites\ekmg\ekmg\images\2005_mss4\003_etching_class.jpg --> ftp.eastkingdom.org /images/2005_mss4 003_etching_class.jpg
2006.01.27 10:51 B D:\My Documents\mine\sca\websites\ekmg\ekmg\images\2005_mss4\001_etching_class.jpg --> ftp.eastkingdom.org /images/2005_mss4 001_etching_class.jpg
2006.01.27 10:51 B D:\My Documents\mine\sca\websites\ekmg\ekmg\images\2005_mss4\credits.txt --> ftp.eastkingdom.org /images/2005_mss4 credits.txt
